<?xml version="1.0" encoding="UTF-8"?>
<!-- Generated by org.testng.reporters.JUnitXMLReporter -->
<testsuite ignored="1" hostname="Amooraj" failures="0" tests="2" name="Default test" time="0.088" errors="0" timestamp="2022-05-28T14:08:05 EDT">
  <testcase classname="testngPackage.Skipclass" name="foo" time="0.016"/>
  <testcase classname="testngPackage.Skipclass" name="test2" time="0.003">
    <skipped/>
  </testcase> <!-- test2 -->
  <testcase classname="testngPackage.Skipclass" name="bar" time="0.0">
    <ignored/>
  </testcase> <!-- bar -->
</testsuite> <!-- Default test -->
