<?xml version="1.0" encoding="UTF-8"?>
<!-- Generated by org.testng.reporters.JUnitXMLReporter -->
<testsuite ignored="1" hostname="Amooraj" failures="0" tests="3" name="Test" time="0.1" errors="0" timestamp="2022-05-28T14:25:53 EDT">
  <testcase classname="testngPackage.SuiteClass" name="enterData" time="0.014"/>
  <testcase classname="testngPackage.SuiteClass" name="openWebsite" time="0.01"/>
  <testcase classname="testngPackage.SuiteClass" name="pressLogin" time="0.002"/>
  <testcase classname="testngPackage.SuiteClass" name="explorePage" time="0.0">
    <ignored/>
  </testcase> <!-- explorePage -->
</testsuite> <!-- Test -->
