<?xml version="1.0" encoding="UTF-8"?>
<!-- Generated by org.testng.reporters.JUnitXMLReporter -->
<testsuite ignored="0" hostname="Amooraj" failures="1" tests="3" name="Test" time="0.077" errors="0" timestamp="2022-06-05T13:20:22 EDT">
  <testcase classname="testngPackage.IInvoke01" name="test1" time="0.008"/>
  <testcase classname="testngPackage.IInvoke01" name="test2" time="0.001">
    <skipped/>
  </testcase> <!-- test2 -->
  <testcase classname="testngPackage.IInvoke01" name="test3" time="0.006">
    <failure type="java.lang.AssertionError" message="expected [false] but found [true]">
      <![CDATA[java.lang.AssertionError: expected [false] but found [true]
at testngPackage.IInvoke01.test3(IInvoke01.java:23)
at java.base/java.util.ArrayList.forEach(ArrayList.java:1541)
... Removed 33 stack frames]]>
    </failure>
  </testcase> <!-- test3 -->
</testsuite> <!-- Test -->
