<?xml version="1.0" encoding="UTF-8"?>
<testng-results ignored="0" total="1" passed="1" failed="0" skipped="0">
  <reporter-output>
  </reporter-output>
  <suite started-at="2022-06-12T13:04:39 EDT" name="Default suite" finished-at="2022-06-12T13:04:39 EDT" duration-ms="767">
    <groups>
    </groups>
    <test started-at="2022-06-12T13:04:39 EDT" name="Default test" finished-at="2022-06-12T13:04:39 EDT" duration-ms="767">
      <class name="testngPackage.Reportclass">
        <test-method signature="loginTest()[pri:0, instance:testngPackage.Reportclass@2abf4075]" started-at="2022-06-12T13:04:39 EDT" name="loginTest" finished-at="2022-06-12T13:04:39 EDT" duration-ms="688" status="PASS">
          <reporter-output>
          </reporter-output>
        </test-method> <!-- loginTest -->
      </class> <!-- testngPackage.Reportclass -->
    </test> <!-- Default test -->
  </suite> <!-- Default suite -->
</testng-results>
