<?xml version="1.0" encoding="UTF-8"?>
<testng-results ignored="1" total="4" passed="3" failed="0" skipped="0">
  <reporter-output>
  </reporter-output>
  <suite started-at="2022-05-28T14:25:53 EDT" name="Suite" finished-at="2022-05-28T14:25:53 EDT" duration-ms="100">
    <groups>
      <group name="testcases">
        <method signature="SuiteClass.enterData()[pri:0, instance:testngPackage.SuiteClass@5fa07e12]" name="enterData" class="testngPackage.SuiteClass"/>
        <method signature="SuiteClass.openWebsite()[pri:0, instance:testngPackage.SuiteClass@5fa07e12]" name="openWebsite" class="testngPackage.SuiteClass"/>
        <method signature="SuiteClass.pressLogin()[pri:0, instance:testngPackage.SuiteClass@5fa07e12]" name="pressLogin" class="testngPackage.SuiteClass"/>
      </group> <!-- testcases -->
    </groups>
    <test started-at="2022-05-28T14:25:53 EDT" name="Test" finished-at="2022-05-28T14:25:53 EDT" duration-ms="100">
      <class name="testngPackage.SuiteClass">
        <test-method signature="enterData()[pri:0, instance:testngPackage.SuiteClass@5fa07e12]" started-at="2022-05-28T14:25:53 EDT" name="enterData" finished-at="2022-05-28T14:25:53 EDT" duration-ms="14" status="PASS">
          <reporter-output>
          </reporter-output>
        </test-method> <!-- enterData -->
        <test-method signature="openWebsite()[pri:0, instance:testngPackage.SuiteClass@5fa07e12]" started-at="2022-05-28T14:25:53 EDT" name="openWebsite" finished-at="2022-05-28T14:25:53 EDT" duration-ms="10" status="PASS">
          <reporter-output>
          </reporter-output>
        </test-method> <!-- openWebsite -->
        <test-method signature="pressLogin()[pri:0, instance:testngPackage.SuiteClass@5fa07e12]" started-at="2022-05-28T14:25:53 EDT" name="pressLogin" finished-at="2022-05-28T14:25:53 EDT" duration-ms="2" status="PASS">
          <reporter-output>
          </reporter-output>
        </test-method> <!-- pressLogin -->
      </class> <!-- testngPackage.SuiteClass -->
    </test> <!-- Test -->
  </suite> <!-- Suite -->
</testng-results>
